This is pdfTeX, Version 3.14159265-2.6-1.40.15 (TeX Live 2015/dev/Debian) (preloaded format=pdflatex 2016.4.29)  13 MAY 2016 22:16
entering extended mode
 restricted \write18 enabled.
 file:line:error style messages enabled.
 %&-line parsing enabled.
**Oktv2007IIIkI2Kira.tex
(./Oktv2007IIIkI2Kira.tex
LaTeX2e <2014/05/01>
Babel <3.9l> and hyphenation patterns for 33 languages loaded.

./Oktv2007IIIkI2Kira.tex:2: LaTeX Error: Environment gather* undefined.

See the LaTeX manual or LaTeX Companion for explanation.
Type  H <return>  for immediate help.
 ...                                              
                                                  
l.2 \begin{gather*}
                   
? 
./Oktv2007IIIkI2Kira.tex:2: Emergency stop.
 ...                                              
                                                  
l.2 \begin{gather*}
                   
Your command was ignored.
Type  I <command> <return>  to replace it with another command,
or  <return>  to continue without it.

 
Here is how much of TeX's memory you used:
 7 strings out of 494336
 330 string characters out of 6163195
 47690 words of memory out of 5000000
 3370 multiletter control sequences out of 15000+600000
 3640 words of font info for 14 fonts, out of 8000000 for 9000
 417 hyphenation exceptions out of 8191
 5i,0n,4p,48b,16s stack positions out of 5000i,500n,10000p,200000b,80000s
./Oktv2007IIIkI2Kira.tex:2:  ==> Fatal error occurred, no output PDF file produ
ced!
